<?xml version="1.0" encoding="UTF-8"?>
<testng-results ignored="0" total="1" passed="0" failed="1" skipped="0">
  <reporter-output>
  </reporter-output>
  <suite started-at="2023-10-10T22:46:37 IST" name="Default suite" finished-at="2023-10-10T22:47:05 IST" duration-ms="28167">
    <groups>
    </groups>
    <test started-at="2023-10-10T22:46:37 IST" name="Default test" finished-at="2023-10-10T22:47:05 IST" duration-ms="28167">
      <class name="com.Equarz.Testcases.Homepagelinkstest">
        <test-method is-config="true" signature="start()[pri:0, instance:com.Equarz.Testcases.Homepagelinkstest@22ff4249]" started-at="2023-10-10T22:46:37 IST" name="start" finished-at="2023-10-10T22:46:58 IST" duration-ms="21595" status="PASS">
          <reporter-output>
          </reporter-output>
        </test-method> <!-- start -->
        <test-method is-config="true" signature="logo()[pri:0, instance:com.Equarz.Testcases.Homepagelinkstest@22ff4249]" started-at="2023-10-10T22:46:58 IST" name="logo" finished-at="2023-10-10T22:47:04 IST" duration-ms="5906" status="PASS">
          <reporter-output>
          </reporter-output>
        </test-method> <!-- logo -->
        <test-method signature="twittertest()[pri:11, instance:com.Equarz.Testcases.Homepagelinkstest@22ff4249]" started-at="2023-10-10T22:47:04 IST" name="twittertest" finished-at="2023-10-10T22:47:05 IST" duration-ms="556" status="FAIL">
          <exception class="java.lang.Error">
            <message>
              <![CDATA[Unresolved compilation problems: 
driver cannot be resolved
driver cannot be resolved
driver cannot be resolved
]]>
            </message>
            <full-stacktrace>
              <![CDATA[java.lang.Error: Unresolved compilation problems: 
driver cannot be resolved
driver cannot be resolved
driver cannot be resolved

at com.Utils.Utils.Windowhandless(Utils.java:50)
at com.Pageobjects.Homepagelinks.verifytwitter(Homepagelinks.java:148)
at com.Equarz.Testcases.Homepagelinkstest.twittertest(Homepagelinkstest.java:84)
at java.base/jdk.internal.reflect.NativeMethodAccessorImpl.invoke0(Native Method)
at java.base/jdk.internal.reflect.NativeMethodAccessorImpl.invoke(NativeMethodAccessorImpl.java:77)
at java.base/jdk.internal.reflect.DelegatingMethodAccessorImpl.invoke(DelegatingMethodAccessorImpl.java:43)
at java.base/java.lang.reflect.Method.invoke(Method.java:568)
at org.testng.internal.invokers.MethodInvocationHelper.invokeMethod(MethodInvocationHelper.java:139)
at org.testng.internal.invokers.TestInvoker.invokeMethod(TestInvoker.java:664)
at org.testng.internal.invokers.TestInvoker.invokeTestMethod(TestInvoker.java:227)
at org.testng.internal.invokers.MethodRunner.runInSequence(MethodRunner.java:50)
at org.testng.internal.invokers.TestInvoker$MethodInvocationAgent.invoke(TestInvoker.java:957)
at org.testng.internal.invokers.TestInvoker.invokeTestMethods(TestInvoker.java:200)
at org.testng.internal.invokers.TestMethodWorker.invokeTestMethods(TestMethodWorker.java:148)
at org.testng.internal.invokers.TestMethodWorker.run(TestMethodWorker.java:128)
at java.base/java.util.ArrayList.forEach(ArrayList.java:1511)
at org.testng.TestRunner.privateRun(TestRunner.java:848)
at org.testng.TestRunner.run(TestRunner.java:621)
at org.testng.SuiteRunner.runTest(SuiteRunner.java:443)
at org.testng.SuiteRunner.runSequentially(SuiteRunner.java:437)
at org.testng.SuiteRunner.privateRun(SuiteRunner.java:397)
at org.testng.SuiteRunner.run(SuiteRunner.java:336)
at org.testng.SuiteRunnerWorker.runSuite(SuiteRunnerWorker.java:52)
at org.testng.SuiteRunnerWorker.run(SuiteRunnerWorker.java:95)
at org.testng.TestNG.runSuitesSequentially(TestNG.java:1280)
at org.testng.TestNG.runSuitesLocally(TestNG.java:1200)
at org.testng.TestNG.runSuites(TestNG.java:1114)
at org.testng.TestNG.run(TestNG.java:1082)
at org.testng.remote.AbstractRemoteTestNG.run(AbstractRemoteTestNG.java:115)
at org.testng.remote.RemoteTestNG.initAndRun(RemoteTestNG.java:251)
at org.testng.remote.RemoteTestNG.main(RemoteTestNG.java:77)
]]>
            </full-stacktrace>
          </exception> <!-- java.lang.Error -->
          <reporter-output>
          </reporter-output>
        </test-method> <!-- twittertest -->
      </class> <!-- com.Equarz.Testcases.Homepagelinkstest -->
    </test> <!-- Default test -->
  </suite> <!-- Default suite -->
</testng-results>
