<?xml version="1.0" encoding="UTF-8"?>
<!-- Generated by org.testng.reporters.JUnitXMLReporter -->
<testsuite ignored="18" hostname="DESKTOP-VGCFTBT" failures="1" tests="1" name="Default test" time="28.167" errors="0" timestamp="2023-10-10T22:47:05 IST">
  <testcase classname="com.Equarz.Testcases.Homepagelinkstest" name="twittertest" time="0.556">
    <failure type="java.lang.Error" message="Unresolved compilation problems: 
	driver cannot be resolved
	driver cannot be resolved
	driver cannot be resolved
">
      <![CDATA[java.lang.Error: Unresolved compilation problems: 
driver cannot be resolved
driver cannot be resolved
driver cannot be resolved

at com.Utils.Utils.Windowhandless(Utils.java:50)
at com.Pageobjects.Homepagelinks.verifytwitter(Homepagelinks.java:148)
at com.Equarz.Testcases.Homepagelinkstest.twittertest(Homepagelinkstest.java:84)
at java.base/jdk.internal.reflect.NativeMethodAccessorImpl.invoke0(Native Method)
at java.base/jdk.internal.reflect.NativeMethodAccessorImpl.invoke(NativeMethodAccessorImpl.java:77)
at java.base/jdk.internal.reflect.DelegatingMethodAccessorImpl.invoke(DelegatingMethodAccessorImpl.java:43)
at java.base/java.lang.reflect.Method.invoke(Method.java:568)
at org.testng.internal.invokers.MethodInvocationHelper.invokeMethod(MethodInvocationHelper.java:139)
at org.testng.internal.invokers.TestInvoker.invokeMethod(TestInvoker.java:664)
at org.testng.internal.invokers.TestInvoker.invokeTestMethod(TestInvoker.java:227)
at org.testng.internal.invokers.MethodRunner.runInSequence(MethodRunner.java:50)
at org.testng.internal.invokers.TestInvoker$MethodInvocationAgent.invoke(TestInvoker.java:957)
at org.testng.internal.invokers.TestInvoker.invokeTestMethods(TestInvoker.java:200)
at org.testng.internal.invokers.TestMethodWorker.invokeTestMethods(TestMethodWorker.java:148)
at org.testng.internal.invokers.TestMethodWorker.run(TestMethodWorker.java:128)
at java.base/java.util.ArrayList.forEach(ArrayList.java:1511)
at org.testng.TestRunner.privateRun(TestRunner.java:848)
at org.testng.TestRunner.run(TestRunner.java:621)
at org.testng.SuiteRunner.runTest(SuiteRunner.java:443)
at org.testng.SuiteRunner.runSequentially(SuiteRunner.java:437)
at org.testng.SuiteRunner.privateRun(SuiteRunner.java:397)
at org.testng.SuiteRunner.run(SuiteRunner.java:336)
at org.testng.SuiteRunnerWorker.runSuite(SuiteRunnerWorker.java:52)
at org.testng.SuiteRunnerWorker.run(SuiteRunnerWorker.java:95)
at org.testng.TestNG.runSuitesSequentially(TestNG.java:1280)
at org.testng.TestNG.runSuitesLocally(TestNG.java:1200)
at org.testng.TestNG.runSuites(TestNG.java:1114)
at org.testng.TestNG.run(TestNG.java:1082)
at org.testng.remote.AbstractRemoteTestNG.run(AbstractRemoteTestNG.java:115)
at org.testng.remote.RemoteTestNG.initAndRun(RemoteTestNG.java:251)
at org.testng.remote.RemoteTestNG.main(RemoteTestNG.java:77)
]]>
    </failure>
  </testcase> <!-- twittertest -->
  <testcase classname="com.Equarz.Testcases.Homepagelinkstest" name="Googletest" time="0.0">
    <ignored/>
  </testcase> <!-- Googletest -->
  <testcase classname="com.Equarz.Testcases.Homepagelinkstest" name="supporttickettest" time="0.0">
    <ignored/>
  </testcase> <!-- supporttickettest -->
  <testcase classname="com.Equarz.Testcases.Homepagelinkstest" name="cancellationpolicytest" time="0.0">
    <ignored/>
  </testcase> <!-- cancellationpolicytest -->
  <testcase classname="com.Equarz.Testcases.Homepagelinkstest" name="latestproductstest" time="0.0">
    <ignored/>
  </testcase> <!-- latestproductstest -->
  <testcase classname="com.Equarz.Testcases.Homepagelinkstest" name="pintresttest" time="0.0">
    <ignored/>
  </testcase> <!-- pintresttest -->
  <testcase classname="com.Equarz.Testcases.Homepagelinkstest" name="facebooktest" time="0.0">
    <ignored/>
  </testcase> <!-- facebooktest -->
  <testcase classname="com.Equarz.Testcases.Homepagelinkstest" name="featureproducttest" time="0.0">
    <ignored/>
  </testcase> <!-- featureproducttest -->
  <testcase classname="com.Equarz.Testcases.Homepagelinkstest" name="privacytest" time="0.0">
    <ignored/>
  </testcase> <!-- privacytest -->
  <testcase classname="com.Equarz.Testcases.Homepagelinkstest" name="returnpolicytest" time="0.0">
    <ignored/>
  </testcase> <!-- returnpolicytest -->
  <testcase classname="com.Equarz.Testcases.Homepagelinkstest" name="refundpolicytest" time="0.0">
    <ignored/>
  </testcase> <!-- refundpolicytest -->
  <testcase classname="com.Equarz.Testcases.Homepagelinkstest" name="logotest" time="0.0">
    <ignored/>
  </testcase> <!-- logotest -->
  <testcase classname="com.Equarz.Testcases.Homepagelinkstest" name="instatest" time="0.0">
    <ignored/>
  </testcase> <!-- instatest -->
  <testcase classname="com.Equarz.Testcases.Homepagelinkstest" name="termstest" time="0.0">
    <ignored/>
  </testcase> <!-- termstest -->
  <testcase classname="com.Equarz.Testcases.Homepagelinkstest" name="trackordertest" time="0.0">
    <ignored/>
  </testcase> <!-- trackordertest -->
  <testcase classname="com.Equarz.Testcases.Homepagelinkstest" name="BSTtest" time="0.0">
    <ignored/>
  </testcase> <!-- BSTtest -->
  <testcase classname="com.Equarz.Testcases.Homepagelinkstest" name="linkedintest" time="0.0">
    <ignored/>
  </testcase> <!-- linkedintest -->
  <testcase classname="com.Equarz.Testcases.Homepagelinkstest" name="Profileinfotest" time="0.0">
    <ignored/>
  </testcase> <!-- Profileinfotest -->
  <testcase classname="com.Equarz.Testcases.Homepagelinkstest" name="RTPtest" time="0.0">
    <ignored/>
  </testcase> <!-- RTPtest -->
</testsuite> <!-- Default test -->
